<?xml version="1.0" encoding="UTF-8"?>
<!-- Generated by org.testng.reporters.JUnitXMLReporter -->
<testsuite ignored="0" hostname="DESKTOP-K1F8GII" failures="0" tests="9" name="Surefire test" time="0.331" errors="0" timestamp="2022-10-11T17:08:50 MSK">
  <testcase classname="ru.netology.RadioTest" name="currentRadioStationNumber1" time="0.08"/>
  <testcase classname="ru.netology.RadioTest" name="currentRadioStationNumber2" time="0.001"/>
  <testcase classname="ru.netology.RadioTest" name="currentRadioStationNumber3" time="0.001"/>
  <testcase classname="ru.netology.RadioTest" name="nextStationNumber1" time="0.002"/>
  <testcase classname="ru.netology.RadioTest" name="nextStationNumber2" time="0.0"/>
  <testcase classname="ru.netology.RadioTest" name="prevStationNumber" time="0.0"/>
  <testcase classname="ru.netology.RadioTest" name="prevStationNumber1" time="0.002"/>
  <testcase classname="ru.netology.RadioTest" name="test" time="0.008"/>
  <testcase classname="ru.netology.RadioTest" name="test1" time="0.001"/>
</testsuite> <!-- Surefire test -->
