<?xml version="1.0" encoding="UTF-8"?>
<!-- Generated by org.testng.reporters.JUnitXMLReporter -->
<testsuite ignored="0" hostname="DESKTOP-K1F8GII" failures="0" tests="14" name="Surefire test" time="0.313" errors="0" timestamp="2022-10-10T02:12:42 MSK">
  <testcase classname="ru.netology.RadioTest" name="certainVolume1" time="0.05"/>
  <testcase classname="ru.netology.RadioTest" name="certainVolume2" time="0.0"/>
  <testcase classname="ru.netology.RadioTest" name="certainVolume3" time="0.001"/>
  <testcase classname="ru.netology.RadioTest" name="currentRadioStationNumber" time="0.0"/>
  <testcase classname="ru.netology.RadioTest" name="currentRadioStationNumber1" time="0.0"/>
  <testcase classname="ru.netology.RadioTest" name="currentRadioStationNumber2" time="0.001"/>
  <testcase classname="ru.netology.RadioTest" name="nextStationNumber1" time="0.001"/>
  <testcase classname="ru.netology.RadioTest" name="nextStationNumber2" time="0.0"/>
  <testcase classname="ru.netology.RadioTest" name="prevStationNumber" time="0.001"/>
  <testcase classname="ru.netology.RadioTest" name="prevStationNumber1" time="0.0"/>
  <testcase classname="ru.netology.RadioTest" name="setVolumeMax1" time="0.001"/>
  <testcase classname="ru.netology.RadioTest" name="setVolumeMax2" time="0.001"/>
  <testcase classname="ru.netology.RadioTest" name="setVolumeMin1" time="0.001"/>
  <testcase classname="ru.netology.RadioTest" name="setVolumeMin2" time="0.001"/>
</testsuite> <!-- Surefire test -->
