<?xml version="1.0" encoding="UTF-8"?>
<testsuite xmlns:xsi="http://www.w3.org/2001/XMLSchema-instance" xsi:noNamespaceSchemaLocation="https://maven.apache.org/surefire/maven-surefire-plugin/xsd/surefire-test-report.xsd" name="ru.netology.RadioTest" time="2.317" tests="9" errors="0" skipped="0" failures="0">
  <properties>
[...]
</properties>
  <testcase name="currentRadioStationNumber1" classname="ru.netology.RadioTest" time="0.086"/>
  <testcase name="currentRadioStationNumber2" classname="ru.netology.RadioTest" time="0.002"/>
  <testcase name="currentRadioStationNumber3" classname="ru.netology.RadioTest" time="0.001"/>
  <testcase name="nextStationNumber1" classname="ru.netology.RadioTest" time="0.001"/>
  <testcase name="nextStationNumber2" classname="ru.netology.RadioTest" time="0.001"/>
  <testcase name="prevStationNumber" classname="ru.netology.RadioTest" time="0.001"/>
  <testcase name="prevStationNumber1" classname="ru.netology.RadioTest" time="0.001"/>
  <testcase name="test" classname="ru.netology.RadioTest" time="0.008"/>
  <testcase name="test1" classname="ru.netology.RadioTest" time="0.001"/>
</testsuite>