<?xml version="1.0" encoding="UTF-8"?>
<testng-results ignored="0" total="14" passed="14" failed="0" skipped="0">
  <reporter-output>
  </reporter-output>
  <suite started-at="2022-10-10T02:12:42 MSK" name="Surefire suite" finished-at="2022-10-10T02:12:42 MSK" duration-ms="313">
    <groups>
    </groups>
    <test started-at="2022-10-10T02:12:42 MSK" name="Surefire test" finished-at="2022-10-10T02:12:42 MSK" duration-ms="313">
      <class name="ru.netology.RadioTest">
        <test-method signature="certainVolume1()[pri:0, instance:ru.netology.RadioTest@28da7d11]" started-at="2022-10-10T02:12:42 MSK" name="certainVolume1" finished-at="2022-10-10T02:12:42 MSK" duration-ms="50" status="PASS">
          <reporter-output>
          </reporter-output>
        </test-method> <!-- certainVolume1 -->
        <test-method signature="certainVolume2()[pri:0, instance:ru.netology.RadioTest@28da7d11]" started-at="2022-10-10T02:12:42 MSK" name="certainVolume2" finished-at="2022-10-10T02:12:42 MSK" duration-ms="0" status="PASS">
          <reporter-output>
          </reporter-output>
        </test-method> <!-- certainVolume2 -->
        <test-method signature="certainVolume3()[pri:0, instance:ru.netology.RadioTest@28da7d11]" started-at="2022-10-10T02:12:42 MSK" name="certainVolume3" finished-at="2022-10-10T02:12:42 MSK" duration-ms="1" status="PASS">
          <reporter-output>
          </reporter-output>
        </test-method> <!-- certainVolume3 -->
        <test-method signature="currentRadioStationNumber()[pri:0, instance:ru.netology.RadioTest@28da7d11]" started-at="2022-10-10T02:12:42 MSK" name="currentRadioStationNumber" finished-at="2022-10-10T02:12:42 MSK" duration-ms="0" status="PASS">
          <reporter-output>
          </reporter-output>
        </test-method> <!-- currentRadioStationNumber -->
        <test-method signature="currentRadioStationNumber1()[pri:0, instance:ru.netology.RadioTest@28da7d11]" started-at="2022-10-10T02:12:42 MSK" name="currentRadioStationNumber1" finished-at="2022-10-10T02:12:42 MSK" duration-ms="0" status="PASS">
          <reporter-output>
          </reporter-output>
        </test-method> <!-- currentRadioStationNumber1 -->
        <test-method signature="currentRadioStationNumber2()[pri:0, instance:ru.netology.RadioTest@28da7d11]" started-at="2022-10-10T02:12:42 MSK" name="currentRadioStationNumber2" finished-at="2022-10-10T02:12:42 MSK" duration-ms="1" status="PASS">
          <reporter-output>
          </reporter-output>
        </test-method> <!-- currentRadioStationNumber2 -->
        <test-method signature="nextStationNumber1()[pri:0, instance:ru.netology.RadioTest@28da7d11]" started-at="2022-10-10T02:12:42 MSK" name="nextStationNumber1" finished-at="2022-10-10T02:12:42 MSK" duration-ms="1" status="PASS">
          <reporter-output>
          </reporter-output>
        </test-method> <!-- nextStationNumber1 -->
        <test-method signature="nextStationNumber2()[pri:0, instance:ru.netology.RadioTest@28da7d11]" started-at="2022-10-10T02:12:42 MSK" name="nextStationNumber2" finished-at="2022-10-10T02:12:42 MSK" duration-ms="0" status="PASS">
          <reporter-output>
          </reporter-output>
        </test-method> <!-- nextStationNumber2 -->
        <test-method signature="prevStationNumber()[pri:0, instance:ru.netology.RadioTest@28da7d11]" started-at="2022-10-10T02:12:42 MSK" name="prevStationNumber" finished-at="2022-10-10T02:12:42 MSK" duration-ms="1" status="PASS">
          <reporter-output>
          </reporter-output>
        </test-method> <!-- prevStationNumber -->
        <test-method signature="prevStationNumber1()[pri:0, instance:ru.netology.RadioTest@28da7d11]" started-at="2022-10-10T02:12:42 MSK" name="prevStationNumber1" finished-at="2022-10-10T02:12:42 MSK" duration-ms="0" status="PASS">
          <reporter-output>
          </reporter-output>
        </test-method> <!-- prevStationNumber1 -->
        <test-method signature="setVolumeMax1()[pri:0, instance:ru.netology.RadioTest@28da7d11]" started-at="2022-10-10T02:12:42 MSK" name="setVolumeMax1" finished-at="2022-10-10T02:12:42 MSK" duration-ms="1" status="PASS">
          <reporter-output>
          </reporter-output>
        </test-method> <!-- setVolumeMax1 -->
        <test-method signature="setVolumeMax2()[pri:0, instance:ru.netology.RadioTest@28da7d11]" started-at="2022-10-10T02:12:42 MSK" name="setVolumeMax2" finished-at="2022-10-10T02:12:42 MSK" duration-ms="1" status="PASS">
          <reporter-output>
          </reporter-output>
        </test-method> <!-- setVolumeMax2 -->
        <test-method signature="setVolumeMin1()[pri:0, instance:ru.netology.RadioTest@28da7d11]" started-at="2022-10-10T02:12:42 MSK" name="setVolumeMin1" finished-at="2022-10-10T02:12:42 MSK" duration-ms="1" status="PASS">
          <reporter-output>
          </reporter-output>
        </test-method> <!-- setVolumeMin1 -->
        <test-method signature="setVolumeMin2()[pri:0, instance:ru.netology.RadioTest@28da7d11]" started-at="2022-10-10T02:12:42 MSK" name="setVolumeMin2" finished-at="2022-10-10T02:12:42 MSK" duration-ms="1" status="PASS">
          <reporter-output>
          </reporter-output>
        </test-method> <!-- setVolumeMin2 -->
      </class> <!-- ru.netology.RadioTest -->
    </test> <!-- Surefire test -->
  </suite> <!-- Surefire suite -->
</testng-results>
