<?xml version="1.0" encoding="UTF-8"?>
<testng-results ignored="0" total="9" passed="9" failed="0" skipped="0">
  <reporter-output>
  </reporter-output>
  <suite started-at="2022-10-11T17:08:50 MSK" name="Surefire suite" finished-at="2022-10-11T17:08:50 MSK" duration-ms="331">
    <groups>
    </groups>
    <test started-at="2022-10-11T17:08:50 MSK" name="Surefire test" finished-at="2022-10-11T17:08:50 MSK" duration-ms="331">
      <class name="ru.netology.RadioTest">
        <test-method signature="currentRadioStationNumber1()[pri:0, instance:ru.netology.RadioTest@28da7d11]" started-at="2022-10-11T17:08:50 MSK" name="currentRadioStationNumber1" finished-at="2022-10-11T17:08:50 MSK" duration-ms="80" status="PASS">
          <reporter-output>
          </reporter-output>
        </test-method> <!-- currentRadioStationNumber1 -->
        <test-method signature="currentRadioStationNumber2()[pri:0, instance:ru.netology.RadioTest@28da7d11]" started-at="2022-10-11T17:08:50 MSK" name="currentRadioStationNumber2" finished-at="2022-10-11T17:08:50 MSK" duration-ms="1" status="PASS">
          <reporter-output>
          </reporter-output>
        </test-method> <!-- currentRadioStationNumber2 -->
        <test-method signature="currentRadioStationNumber3()[pri:0, instance:ru.netology.RadioTest@28da7d11]" started-at="2022-10-11T17:08:50 MSK" name="currentRadioStationNumber3" finished-at="2022-10-11T17:08:50 MSK" duration-ms="1" status="PASS">
          <reporter-output>
          </reporter-output>
        </test-method> <!-- currentRadioStationNumber3 -->
        <test-method signature="nextStationNumber1()[pri:0, instance:ru.netology.RadioTest@28da7d11]" started-at="2022-10-11T17:08:50 MSK" name="nextStationNumber1" finished-at="2022-10-11T17:08:50 MSK" duration-ms="2" status="PASS">
          <reporter-output>
          </reporter-output>
        </test-method> <!-- nextStationNumber1 -->
        <test-method signature="nextStationNumber2()[pri:0, instance:ru.netology.RadioTest@28da7d11]" started-at="2022-10-11T17:08:50 MSK" name="nextStationNumber2" finished-at="2022-10-11T17:08:50 MSK" duration-ms="0" status="PASS">
          <reporter-output>
          </reporter-output>
        </test-method> <!-- nextStationNumber2 -->
        <test-method signature="prevStationNumber()[pri:0, instance:ru.netology.RadioTest@28da7d11]" started-at="2022-10-11T17:08:50 MSK" name="prevStationNumber" finished-at="2022-10-11T17:08:50 MSK" duration-ms="0" status="PASS">
          <reporter-output>
          </reporter-output>
        </test-method> <!-- prevStationNumber -->
        <test-method signature="prevStationNumber1()[pri:0, instance:ru.netology.RadioTest@28da7d11]" started-at="2022-10-11T17:08:50 MSK" name="prevStationNumber1" finished-at="2022-10-11T17:08:50 MSK" duration-ms="2" status="PASS">
          <reporter-output>
          </reporter-output>
        </test-method> <!-- prevStationNumber1 -->
        <test-method signature="test()[pri:0, instance:ru.netology.RadioTest@28da7d11]" started-at="2022-10-11T17:08:50 MSK" name="test" finished-at="2022-10-11T17:08:50 MSK" duration-ms="8" status="PASS">
          <reporter-output>
          </reporter-output>
        </test-method> <!-- test -->
        <test-method signature="test1()[pri:0, instance:ru.netology.RadioTest@28da7d11]" started-at="2022-10-11T17:08:50 MSK" name="test1" finished-at="2022-10-11T17:08:50 MSK" duration-ms="1" status="PASS">
          <reporter-output>
          </reporter-output>
        </test-method> <!-- test1 -->
      </class> <!-- ru.netology.RadioTest -->
    </test> <!-- Surefire test -->
  </suite> <!-- Surefire suite -->
</testng-results>
